{"uuid":"055b15f1-0c31-4264-bec1-416f8d6c2ccc","historyId":"a2dba37d3a114a374d1893c593943b41","testCaseId":"b947fc2ea0b771335f38368586045f3c","fullName":"src/test/resources/features/ui/Registeration.feature:27","labels":[{"name":"tag","value":"allure.label.epic:UI"},{"name":"tag","value":"allure.label.subSuite:Invalid_Registration"},{"name":"host","value":"EPINHYDW12B7"},{"name":"thread","value":"12952@EPINHYDW12B7.TestNG-PoolService-3(51)"},{"name":"feature","value":"Registration Feature for UI"},{"name":"story","value":"Invalid Registration"},{"name":"suite","value":"Registration Feature for UI"},{"name":"testClass","value":"Invalid Registration"},{"name":"framework","value":"cucumber4jvm"},{"name":"language","value":"java"},{"name":"gherkin_uri","value":"file:///C:/Users/SrinjoySur/Personal_Practice/Contact_list_Website_automation_test_Java/com.contact_list/src/test/resources/features/ui/Registeration.feature"},{"name":"package","value":"src.test.resources.features.ui.Registeration_feature.Registration Feature for UI"}],"links":[],"name":"Invalid Registration","status":"failed","statusDetails":{"known":false,"muted":false,"flaky":false,"message":"expected [User validation failed: firstName: Path `lastName` is required.] but found [User validation failed: lastName: Path `lastName` is required.]","trace":"java.lang.AssertionError: expected [User validation failed: firstName: Path `lastName` is required.] but found [User validation failed: lastName: Path `lastName` is required.]\r\n\tat org.testng.Assert.fail(Assert.java:111)\r\n\tat org.testng.Assert.failNotEquals(Assert.java:1578)\r\n\tat org.testng.Assert.assertEqualsImpl(Assert.java:150)\r\n\tat org.testng.Assert.assertEquals(Assert.java:132)\r\n\tat org.testng.Assert.assertEquals(Assert.java:656)\r\n\tat org.testng.Assert.assertEquals(Assert.java:666)\r\n\tat com.contact_list.ui.stepdefinitions.RegistrationSteps.userShouldGetError(RegistrationSteps.java:63)\r\n\tat ✽.User should get Error \"User validation failed: firstName: Path `lastName` is required.\"(file:///C:/Users/SrinjoySur/Personal_Practice/Contact_list_Website_automation_test_Java/com.contact_list/src/test/resources/features/ui/Registeration.feature:23)\r\n"},"stage":"finished","steps":[{"name":"Given User is at Registration Page","status":"passed","statusDetails":{"known":false,"muted":false,"flaky":false},"stage":"finished","steps":[],"attachments":[],"parameters":[],"start":1755757083014,"stop":1755757085466},{"name":"When User enters First Name \"User\" and Last Name \"\"","status":"passed","statusDetails":{"known":false,"muted":false,"flaky":false},"stage":"finished","steps":[],"attachments":[],"parameters":[],"start":1755757085467,"stop":1755757085563},{"name":"And User enters Email \"johnson100@email.com\" and Password \"#John123\"","status":"passed","statusDetails":{"known":false,"muted":false,"flaky":false},"stage":"finished","steps":[],"attachments":[],"parameters":[],"start":1755757085563,"stop":1755757085666},{"name":"And User clicks on Submit button","status":"passed","statusDetails":{"known":false,"muted":false,"flaky":false},"stage":"finished","steps":[],"attachments":[],"parameters":[],"start":1755757085666,"stop":1755757085723},{"name":"Then User should get Error \"User validation failed: firstName: Path `lastName` is required.\"","status":"failed","statusDetails":{"known":false,"muted":false,"flaky":false,"message":"expected [User validation failed: firstName: Path `lastName` is required.] but found [User validation failed: lastName: Path `lastName` is required.]","trace":"java.lang.AssertionError: expected [User validation failed: firstName: Path `lastName` is required.] but found [User validation failed: lastName: Path `lastName` is required.]\r\n\tat org.testng.Assert.fail(Assert.java:111)\r\n\tat org.testng.Assert.failNotEquals(Assert.java:1578)\r\n\tat org.testng.Assert.assertEqualsImpl(Assert.java:150)\r\n\tat org.testng.Assert.assertEquals(Assert.java:132)\r\n\tat org.testng.Assert.assertEquals(Assert.java:656)\r\n\tat org.testng.Assert.assertEquals(Assert.java:666)\r\n\tat com.contact_list.ui.stepdefinitions.RegistrationSteps.userShouldGetError(RegistrationSteps.java:63)\r\n\tat ✽.User should get Error \"User validation failed: firstName: Path `lastName` is required.\"(file:///C:/Users/SrinjoySur/Personal_Practice/Contact_list_Website_automation_test_Java/com.contact_list/src/test/resources/features/ui/Registeration.feature:23)\r\n"},"stage":"finished","steps":[],"attachments":[],"parameters":[],"start":1755757085724,"stop":1755757086273}],"attachments":[],"parameters":[{"name":"firstName","value":"User"},{"name":"lastName","value":""},{"name":"email","value":"johnson100@email.com"},{"name":"password","value":"#John123"},{"name":"error","value":"User validation failed: firstName: Path `lastName` is required."}],"start":1755757081846,"stop":1755757086472}