{"uuid":"333b4d7c-2e40-4eb1-b140-5288f3b761a8","historyId":"770614d459d3efd5e8de4d90ffc9fb51","testCaseId":"b947fc2ea0b771335f38368586045f3c","fullName":"src/test/resources/features/ui/Registeration.feature:26","labels":[{"name":"tag","value":"allure.label.epic:UI"},{"name":"tag","value":"allure.label.subSuite:Invalid_Registration"},{"name":"host","value":"EPINHYDW12B7"},{"name":"thread","value":"3124@EPINHYDW12B7.TestNG-PoolService-2(50)"},{"name":"feature","value":"Registration Feature for UI"},{"name":"story","value":"Invalid Registration"},{"name":"suite","value":"Registration Feature for UI"},{"name":"testClass","value":"Invalid Registration"},{"name":"framework","value":"cucumber4jvm"},{"name":"language","value":"java"},{"name":"gherkin_uri","value":"file:///C:/Users/SrinjoySur/Personal_Practice/Contact_list_Website_automation_test_Java/com.contact_list/src/test/resources/features/ui/Registeration.feature"},{"name":"package","value":"src.test.resources.features.ui.Registeration_feature.Registration Feature for UI"}],"links":[],"name":"Invalid Registration","status":"failed","statusDetails":{"known":false,"muted":false,"flaky":false,"message":"expected [User validation failed: firstName: Path `firstName` is required.] but found []","trace":"java.lang.AssertionError: expected [User validation failed: firstName: Path `firstName` is required.] but found []\r\n\tat org.testng.Assert.fail(Assert.java:111)\r\n\tat org.testng.Assert.failNotEquals(Assert.java:1578)\r\n\tat org.testng.Assert.assertEqualsImpl(Assert.java:150)\r\n\tat org.testng.Assert.assertEquals(Assert.java:132)\r\n\tat org.testng.Assert.assertEquals(Assert.java:656)\r\n\tat org.testng.Assert.assertEquals(Assert.java:666)\r\n\tat com.contact_list.ui.stepdefinitions.RegistrationSteps.userShouldGetError(RegistrationSteps.java:63)\r\n\tat ✽.User should get Error \"User validation failed: firstName: Path `firstName` is required.\"(file:///C:/Users/SrinjoySur/Personal_Practice/Contact_list_Website_automation_test_Java/com.contact_list/src/test/resources/features/ui/Registeration.feature:23)\r\n"},"stage":"finished","steps":[{"name":"Given User is at Registration Page","status":"passed","statusDetails":{"known":false,"muted":false,"flaky":false},"stage":"finished","steps":[],"attachments":[],"parameters":[],"start":1755755684460,"stop":1755755686848},{"name":"When User enters First Name \"\" and Last Name \"User\"","status":"passed","statusDetails":{"known":false,"muted":false,"flaky":false},"stage":"finished","steps":[],"attachments":[],"parameters":[],"start":1755755686848,"stop":1755755686945},{"name":"And User enters Email \"johnson100@email.com\" and Password \"#John123\"","status":"passed","statusDetails":{"known":false,"muted":false,"flaky":false},"stage":"finished","steps":[],"attachments":[],"parameters":[],"start":1755755686945,"stop":1755755687019},{"name":"And User clicks on Submit button","status":"passed","statusDetails":{"known":false,"muted":false,"flaky":false},"stage":"finished","steps":[],"attachments":[],"parameters":[],"start":1755755687019,"stop":1755755687076},{"name":"Then User should get Error \"User validation failed: firstName: Path `firstName` is required.\"","status":"failed","statusDetails":{"known":false,"muted":false,"flaky":false,"message":"expected [User validation failed: firstName: Path `firstName` is required.] but found []","trace":"java.lang.AssertionError: expected [User validation failed: firstName: Path `firstName` is required.] but found []\r\n\tat org.testng.Assert.fail(Assert.java:111)\r\n\tat org.testng.Assert.failNotEquals(Assert.java:1578)\r\n\tat org.testng.Assert.assertEqualsImpl(Assert.java:150)\r\n\tat org.testng.Assert.assertEquals(Assert.java:132)\r\n\tat org.testng.Assert.assertEquals(Assert.java:656)\r\n\tat org.testng.Assert.assertEquals(Assert.java:666)\r\n\tat com.contact_list.ui.stepdefinitions.RegistrationSteps.userShouldGetError(RegistrationSteps.java:63)\r\n\tat ✽.User should get Error \"User validation failed: firstName: Path `firstName` is required.\"(file:///C:/Users/SrinjoySur/Personal_Practice/Contact_list_Website_automation_test_Java/com.contact_list/src/test/resources/features/ui/Registeration.feature:23)\r\n"},"stage":"finished","steps":[],"attachments":[],"parameters":[],"start":1755755687077,"stop":1755755687106}],"attachments":[],"parameters":[{"name":"firstName","value":""},{"name":"lastName","value":"User"},{"name":"email","value":"johnson100@email.com"},{"name":"password","value":"#John123"},{"name":"error","value":"User validation failed: firstName: Path `firstName` is required."}],"start":1755755683380,"stop":1755755687316}